C51 COMPILER V9.60.7.0   MAIN                                                              01/21/2025 13:26:50 PAGE 1   


C51 COMPILER V9.60.7.0, COMPILATION OF MODULE MAIN
OBJECT MODULE PLACED IN .\Objects\main.obj
COMPILER INVOKED BY: D:\C51\BIN\C51.EXE main.c OPTIMIZE(8,SPEED) BROWSE DEBUG OBJECTEXTEND PRINT(.\Listings\main.lst) TA
                    -BS(2) OBJECT(.\Objects\main.obj)

line level    source

   1          #include <reg51.h>
   2          
   3          // Simple delay function
   4          void delay() {
   5   1          unsigned int i;
   6   1          for (i = 0; i < 50000; i++);  // Adjust this value for the required delay
   7   1      }
   8          
   9          void main() {
  10   1          unsigned char i;
  11   1      
  12   1          while (1) {
  13   2              for (i = 0; i <4; i++) {
  14   3                  P1 = (1 << i);  // Turn on one LED at a time (bitwise operation)
  15   3                  delay();        // Wait for 2 seconds
  16   3                  P1 = 0x00;      // Turn off the LED
  17   3                  delay();
  18   3                  }       // Wait for 2 seconds
  19   2                 for (i = 2; i <4; i--) {
  20   3                  P1 = (1 << i);  // Turn on one LED at a time (bitwise operation)
  21   3                  delay();        // Wait for 2 seconds
  22   3                  P1 = 0x00;      // Turn off the LED
  23   3                  delay();
  24   3                  }       // Wait for 2 seconds
  25   2          }
  26   1      }


MODULE INFORMATION:   STATIC OVERLAYABLE
   CODE SIZE        =     92    ----
   CONSTANT SIZE    =   ----    ----
   XDATA SIZE       =   ----    ----
   PDATA SIZE       =   ----    ----
   DATA SIZE        =   ----       1
   IDATA SIZE       =   ----    ----
   BIT SIZE         =   ----    ----
END OF MODULE INFORMATION.


C51 COMPILATION COMPLETE.  0 WARNING(S),  0 ERROR(S)
