C51 COMPILER V9.60.7.0   MAIN                                                              01/21/2025 14:22:03 PAGE 1   


C51 COMPILER V9.60.7.0, COMPILATION OF MODULE MAIN
OBJECT MODULE PLACED IN .\Objects\main.obj
COMPILER INVOKED BY: D:\C51\BIN\C51.EXE main.c OPTIMIZE(8,SPEED) BROWSE DEBUG OBJECTEXTEND PRINT(.\Listings\main.lst) TA
                    -BS(2) OBJECT(.\Objects\main.obj)

line level    source

   1          
   2          #include <reg51.h> // Include 8051 header file
   3          
   4          void delay(); // Function to create a delay
   5          
   6          void main() {
   7   1          while (1) {        // Infinite loop
   8   2              P1 = 0x01;     // Light up the first LED
   9   2              delay();       // Wait for a moment
  10   2      
  11   2             P1 = 0x02;     // Light up the second LED
  12   2              delay();       // Wait for a moment
  13   2      
  14   2               P1 = 0x04;     // Light up the third LED
  15   2              delay();       // Wait for a moment
  16   2      
  17   2               P1 = 0x08;     // Light up the fourth LED
  18   2              delay();       // Wait for a moment
  19   2      
  20   2          }
  21   1      }
  22          
  23          // Simple delay function
  24          void delay() {
  25   1          unsigned int i;
  26   1          for (i = 0; i < 20000; i++) {
  27   2              // Do nothing, just waste time
  28   2          }
  29   1      }
  30          /*
  31          #include <reg51.h> // Header file for 8051
  32          
  33          void delay(); // Function declaration for delay
  34          
  35          void main() {
  36              unsigned char pattern = 0x01; // Start with the first LED on
  37              P1 = 0x00;                    // Turn off all LEDs initially
  38          
  39              while (1) {                   // Infinite loop
  40                  P1 = pattern;             // Turn on the LED according to the pattern
  41                  delay();                  // Call the delay function
  42                  pattern <<= 1;            // Move to the next LED
  43                  if (pattern == 0x00) {    // If all LEDs have been scrolled
  44                      pattern = 0x01;       // Reset to the first LED
  45                  }
  46              }
  47          }
  48          
  49          // Simple delay function
  50          void delay() {
  51              unsigned int i, j;
  52              for (i = 0; i < 300; i++) {   // Outer loop
  53                  for (j = 0; j < 100; j++) { // Inner loop
  54                      // Do nothing, just waste time for delay
C51 COMPILER V9.60.7.0   MAIN                                                              01/21/2025 14:22:03 PAGE 2   

  55                  }
  56              }
  57          }
  58          */


MODULE INFORMATION:   STATIC OVERLAYABLE
   CODE SIZE        =     41    ----
   CONSTANT SIZE    =   ----    ----
   XDATA SIZE       =   ----    ----
   PDATA SIZE       =   ----    ----
   DATA SIZE        =   ----    ----
   IDATA SIZE       =   ----    ----
   BIT SIZE         =   ----    ----
END OF MODULE INFORMATION.


C51 COMPILATION COMPLETE.  0 WARNING(S),  0 ERROR(S)
