C51 COMPILER V9.60.7.0   MAIN                                                              02/13/2025 21:39:27 PAGE 1   


C51 COMPILER V9.60.7.0, COMPILATION OF MODULE MAIN
OBJECT MODULE PLACED IN .\Objects\main.obj
COMPILER INVOKED BY: D:\C51\BIN\C51.EXE main.c OPTIMIZE(8,SPEED) BROWSE DEBUG OBJECTEXTEND PRINT(.\Listings\main.lst) TA
                    -BS(2) OBJECT(.\Objects\main.obj)

line level    source

   1          /*#include<reg51.h>
   2          void delay(){
   3          unsigned int i;
   4            for(i = 0;i<50000;i++);
   5          }
   6          void main(){
   7            while(1){
   8              P1 = 0X00;//for keeping all the pins to zero
   9              P1 = P1 | 0x01;
  10              delay();
  11              P1 = P1 & ~0x01;
  12              delay();
  13            }
  14          }
  15          */
  16          //HERE SBIT USED--cant manipulate data directkly controlled..*
  17          #include <reg51.h> // Include the 8051 header file
  18          
  19          sbit LED = P1^0;  // Define the LED on Pin P2.0
  20          
  21          void delay() {
  22   1          unsigned int i;
  23   1          for (i = 0; i < 30000; i++);
  24   1      }
  25          
  26          void main() {
  27   1          while(1) {
  28   2            P1 = 0x00;
  29   2              LED = 1;  // Turn on the LED
  30   2              delay();  // Wait
  31   2              LED = 0;  // Turn off the LED
  32   2              delay();  // Wait
  33   2          }
  34   1      }


MODULE INFORMATION:   STATIC OVERLAYABLE
   CODE SIZE        =     30    ----
   CONSTANT SIZE    =   ----    ----
   XDATA SIZE       =   ----    ----
   PDATA SIZE       =   ----    ----
   DATA SIZE        =   ----    ----
   IDATA SIZE       =   ----    ----
   BIT SIZE         =   ----    ----
END OF MODULE INFORMATION.


C51 COMPILATION COMPLETE.  0 WARNING(S),  0 ERROR(S)
